<?xml version="1.0" encoding="UTF-8"?>
<!-- Generated by org.testng.reporters.JUnitReportReporter -->
<testsuite hostname="AARTHI-SURESH" failures="0" tests="1" name="covid.LinkCov1" time="16.796" errors="0" timestamp="2023-04-30T14:19:54 EDT" skipped="0">
  <testcase classname="covid.LinkCov1" name="medicinelaunch2" time="16.796"/>
  <system-out/>
</testsuite> <!-- covid.LinkCov1 -->
