<?xml version="1.0" encoding="UTF-8"?>
<!-- Generated by org.testng.reporters.JUnitReportReporter -->
<testsuite hostname="AARTHI-SURESH" failures="0" tests="1" name="Testcase.WindowsHandeling" time="19.169" errors="0" timestamp="2023-04-25T21:29:41 EDT" skipped="0">
  <testcase classname="Testcase.WindowsHandeling" name="contactDetails" time="19.169"/>
  <system-out/>
</testsuite> <!-- Testcase.WindowsHandeling -->
