<?xml version="1.0" encoding="UTF-8"?>
<!-- Generated by org.testng.reporters.JUnitReportReporter -->
<testsuite hostname="AARTHI-SURESH" failures="0" tests="1" name="test_suite.Module1" time="0.024" errors="0" timestamp="2023-04-20T20:27:41 EDT" skipped="0">
  <testcase classname="test_suite.Module1" name="test001" time="0.024"/>
  <system-out/>
</testsuite> <!-- test_suite.Module1 -->
