<?xml version="1.0" encoding="UTF-8"?>
<!-- Generated by org.testng.reporters.JUnitReportReporter -->
<testsuite hostname="AARTHI-SURESH" failures="0" tests="1" name="logger.LoggerTest" time="1.482" errors="0" timestamp="2023-04-19T13:26:25 EDT" skipped="0">
  <testcase classname="logger.LoggerTest" name="tst01_TestingLog" time="1.482"/>
  <system-out/>
</testsuite> <!-- logger.LoggerTest -->
