<?xml version="1.0" encoding="UTF-8"?>
<!-- Generated by org.testng.reporters.JUnitReportReporter -->
<testsuite hostname="AARTHI-SURESH" failures="0" tests="3" name="test_suite.Module2" time="0.012" errors="0" timestamp="2023-04-16T23:54:38 EDT" skipped="0">
  <testcase classname="test_suite.Module2" name="test003" time="0.008"/>
  <system-out/>
  <testcase classname="test_suite.Module2" name="test002" time="0.003"/>
  <system-out/>
  <testcase classname="test_suite.Module2" name="test001" time="0.001"/>
  <system-out/>
</testsuite> <!-- test_suite.Module2 -->
